# JRE version: Java(TM) SE Runtime Environment (13.0.2+8) (build 13.0.2+8)
# Java VM: Java HotSpot(TM) 64-Bit Server VM (13.0.2+8, mixed mode, sharing, tiered, compressed oops, g1 gc, windows-amd64)
Heap:
 garbage-first heap   total 55296K, used 21420K [0x0000000701400000, 0x0000000800000000)
  region size 1024K, 2 young (2048K), 1 survivors (1024K)
 Metaspace       used 21740K, capacity 22072K, committed 22656K, reserved 1069056K
  class space    used 2652K, capacity 2800K, committed 2944K, reserved 1048576K
GC Heap History (20 events):
Event: 36.292 GC heap before
{Heap before GC invocations=325 (full 0):
 garbage-first heap   total 55296K, used 22407K [0x0000000701400000, 0x0000000800000000)
  region size 1024K, 2 young (2048K), 1 survivors (1024K)
 Metaspace       used 21717K, capacity 22068K, committed 22656K, reserved 1069056K
  class space    used 2650K, capacity 2799K, committed 2944K, reserved 1048576K
}
Event: 36.293 GC heap after
{Heap after GC invocations=326 (full 0):
 garbage-first heap   total 55296K, used 15256K [0x0000000701400000, 0x0000000800000000)
  region size 1024K, 1 young (1024K), 1 survivors (1024K)
 Metaspace       used 21717K, capacity 22068K, committed 22656K, reserved 1069056K
  class space    used 2650K, capacity 2799K, committed 2944K, reserved 1048576K
}
Event: 36.444 GC heap before
{Heap before GC invocations=327 (full 0):
 garbage-first heap   total 55296K, used 22424K [0x0000000701400000, 0x0000000800000000)
  region size 1024K, 2 young (2048K), 1 survivors (1024K)
 Metaspace       used 21717K, capacity 22068K, committed 22656K, reserved 1069056K
  class space    used 2650K, capacity 2799K, committed 2944K, reserved 1048576K
}
Event: 36.445 GC heap after
{Heap after GC invocations=328 (full 0):
 garbage-first heap   total 55296K, used 15248K [0x0000000701400000, 0x0000000800000000)
  region size 1024K, 1 young (1024K), 1 survivors (1024K)
 Metaspace       used 21717K, capacity 22068K, committed 22656K, reserved 1069056K
  class space    used 2650K, capacity 2799K, committed 2944K, reserved 1048576K
}
Event: 36.555 GC heap before
{Heap before GC invocations=329 (full 0):
 garbage-first heap   total 55296K, used 22416K [0x0000000701400000, 0x0000000800000000)
  region size 1024K, 2 young (2048K), 1 survivors (1024K)
 Metaspace       used 21717K, capacity 22068K, committed 22656K, reserved 1069056K
  class space    used 2650K, capacity 2799K, committed 2944K, reserved 1048576K
}
Event: 36.556 GC heap after
{Heap after GC invocations=330 (full 0):
 garbage-first heap   total 55296K, used 15262K [0x0000000701400000, 0x0000000800000000)
  region size 1024K, 1 young (1024K), 1 survivors (1024K)
 Metaspace       used 21717K, capacity 22068K, committed 22656K, reserved 1069056K
  class space    used 2650K, capacity 2799K, committed 2944K, reserved 1048576K
}
Event: 36.698 GC heap before
{Heap before GC invocations=331 (full 0):
 garbage-first heap   total 55296K, used 22430K [0x0000000701400000, 0x0000000800000000)
  region size 1024K, 2 young (2048K), 1 survivors (1024K)
 Metaspace       used 21720K, capacity 22069K, committed 22656K, reserved 1069056K
  class space    used 2650K, capacity 2799K, committed 2944K, reserved 1048576K
}
Event: 36.699 GC heap after
{Heap after GC invocations=332 (full 0):
 garbage-first heap   total 55296K, used 15252K [0x0000000701400000, 0x0000000800000000)
  region size 1024K, 1 young (1024K), 1 survivors (1024K)
 Metaspace       used 21720K, capacity 22069K, committed 22656K, reserved 1069056K
  class space    used 2650K, capacity 2799K, committed 2944K, reserved 1048576K
}
Event: 36.804 GC heap before
{Heap before GC invocations=333 (full 0):
 garbage-first heap   total 55296K, used 23444K [0x0000000701400000, 0x0000000800000000)
  region size 1024K, 3 young (3072K), 1 survivors (1024K)
 Metaspace       used 21725K, capacity 22069K, committed 22656K, reserved 1069056K
  class space    used 2650K, capacity 2799K, committed 2944K, reserved 1048576K
}
Event: 36.806 GC heap after
{Heap after GC invocations=334 (full 0):
 garbage-first heap   total 55296K, used 15266K [0x0000000701400000, 0x0000000800000000)
  region size 1024K, 1 young (1024K), 1 survivors (1024K)
 Metaspace       used 21725K, capacity 22069K, committed 22656K, reserved 1069056K
  class space    used 2650K, capacity 2799K, committed 2944K, reserved 1048576K
}
Event: 36.978 GC heap before
{Heap before GC invocations=335 (full 0):
 garbage-first heap   total 55296K, used 22434K [0x0000000701400000, 0x0000000800000000)
  region size 1024K, 2 young (2048K), 1 survivors (1024K)
 Metaspace       used 21725K, capacity 22069K, committed 22656K, reserved 1069056K
  class space    used 2650K, capacity 2799K, committed 2944K, reserved 1048576K
}
Event: 36.979 GC heap after
{Heap after GC invocations=336 (full 0):
 garbage-first heap   total 55296K, used 15262K [0x0000000701400000, 0x0000000800000000)
  region size 1024K, 1 young (1024K), 1 survivors (1024K)
 Metaspace       used 21725K, capacity 22069K, committed 22656K, reserved 1069056K
  class space    used 2650K, capacity 2799K, committed 2944K, reserved 1048576K
}
Event: 37.086 GC heap before
{Heap before GC invocations=337 (full 0):
 garbage-first heap   total 55296K, used 22430K [0x0000000701400000, 0x0000000800000000)
  region size 1024K, 2 young (2048K), 1 survivors (1024K)
 Metaspace       used 21725K, capacity 22069K, committed 22656K, reserved 1069056K
  class space    used 2650K, capacity 2799K, committed 2944K, reserved 1048576K
}
Event: 37.087 GC heap after
{Heap after GC invocations=338 (full 0):
 garbage-first heap   total 55296K, used 15274K [0x0000000701400000, 0x0000000800000000)
  region size 1024K, 1 young (1024K), 1 survivors (1024K)
 Metaspace       used 21725K, capacity 22069K, committed 22656K, reserved 1069056K
  class space    used 2650K, capacity 2799K, committed 2944K, reserved 1048576K
}
Event: 37.215 GC heap before
{Heap before GC invocations=339 (full 0):
 garbage-first heap   total 55296K, used 22442K [0x0000000701400000, 0x0000000800000000)
  region size 1024K, 2 young (2048K), 1 survivors (1024K)
 Metaspace       used 21725K, capacity 22069K, committed 22656K, reserved 1069056K
  class space    used 2650K, capacity 2799K, committed 2944K, reserved 1048576K
}
Event: 37.216 GC heap after
{Heap after GC invocations=340 (full 0):
 garbage-first heap   total 55296K, used 15263K [0x0000000701400000, 0x0000000800000000)
  region size 1024K, 1 young (1024K), 1 survivors (1024K)
 Metaspace       used 21725K, capacity 22069K, committed 22656K, reserved 1069056K
  class space    used 2650K, capacity 2799K, committed 2944K, reserved 1048576K
}
Event: 37.329 GC heap before
{Heap before GC invocations=341 (full 0):
 garbage-first heap   total 55296K, used 22431K [0x0000000701400000, 0x0000000800000000)
  region size 1024K, 2 young (2048K), 1 survivors (1024K)
 Metaspace       used 21725K, capacity 22069K, committed 22656K, reserved 1069056K
  class space    used 2650K, capacity 2799K, committed 2944K, reserved 1048576K
}
Event: 37.330 GC heap after
{Heap after GC invocations=342 (full 0):
 garbage-first heap   total 55296K, used 15279K [0x0000000701400000, 0x0000000800000000)
  region size 1024K, 1 young (1024K), 1 survivors (1024K)
 Metaspace       used 21725K, capacity 22069K, committed 22656K, reserved 1069056K
  class space    used 2650K, capacity 2799K, committed 2944K, reserved 1048576K
}
Event: 37.442 GC heap before
{Heap before GC invocations=343 (full 0):
 garbage-first heap   total 55296K, used 23471K [0x0000000701400000, 0x0000000800000000)
  region size 1024K, 3 young (3072K), 1 survivors (1024K)
 Metaspace       used 21739K, capacity 22072K, committed 22656K, reserved 1069056K
  class space    used 2652K, capacity 2800K, committed 2944K, reserved 1048576K
}
Event: 37.443 GC heap after
{Heap after GC invocations=344 (full 0):
 garbage-first heap   total 55296K, used 15276K [0x0000000701400000, 0x0000000800000000)
  region size 1024K, 1 young (1024K), 1 survivors (1024K)
 Metaspace       used 21739K, capacity 22072K, committed 22656K, reserved 1069056K
  class space    used 2652K, capacity 2800K, committed 2944K, reserved 1048576K
}

